SEGGER J-Link Remote Server V8.10 LogFile
Logging started @ 2024-12-09 16:43
00000000 - SERVER  (0x0015 bytes): Remote Server started
00000000 - SERVER  (0x0015 bytes): TLV Protocol: V1.0.0 
00000063 - SERVER  (0x0026 bytes): Connected to J-Link with S/N 801000373
00000063 - SERVER  (0x0039 bytes): Resolving tunnel server name (jlink-europe.segger.com)...
00000070 - SERVER  (0x001F bytes): Tunnel server IP: 185.162.249.2
00000103 - SERVER  (0x001B bytes): Registered at tunnel server
00000104 - SERVER  (0x001D bytes): Waiting for client connection
00004434 - SERVER  (0x0010 bytes): Client connected
00013201 - SERVER  (0x0018 bytes): Client connection closed
00056160 - SERVER  (0x0018 bytes): Cannot connect to J-Link
00056161 - SERVER  (0x0018 bytes): Retrying in 5 seconds...
00102682 - SERVER  (0x0018 bytes): Cannot connect to J-Link
00102683 - SERVER  (0x0018 bytes): Retrying in 5 seconds...
00108011 - SERVER  (0x0026 bytes): Connected to J-Link with S/N 801000373
00108012 - SERVER  (0x0039 bytes): Resolving tunnel server name (jlink-europe.segger.com)...
00108013 - SERVER  (0x001F bytes): Tunnel server IP: 185.162.249.2
00108047 - SERVER  (0x001B bytes): Registered at tunnel server
00108047 - SERVER  (0x001D bytes): Waiting for client connection
00176396 - SERVER  (0x0018 bytes): Client connection closed
